TN:
SF:/home/atrnr7/C6_s21_matrix-1/src/src/s21_matrix.c
FN:10,39,s21_create_matrix
FN:105,107,s21_sub_matrix
FN:111,128,s21_mult_number
FN:132,134,s21_mult_matrix
FN:140,166,s21_transpose
FN:172,222,s21_calc_complements
FN:228,255,s21_determinant
FN:261,307,s21_inverse_matrix
FN:45,58,s21_remove_matrix
FN:64,94,s21_eq_matrix
FN:99,101,s21_sum_matrix
FNDA:266,s21_create_matrix
FNDA:8,s21_sub_matrix
FNDA:6,s21_mult_number
FNDA:8,s21_mult_matrix
FNDA:10,s21_transpose
FNDA:16,s21_calc_complements
FNDA:52,s21_determinant
FNDA:12,s21_inverse_matrix
FNDA:294,s21_remove_matrix
FNDA:34,s21_eq_matrix
FNDA:8,s21_sum_matrix
FNF:11
FNH:11
BRDA:13,0,0,266
BRDA:13,0,1,0
BRDA:13,0,2,262
BRDA:13,0,3,4
BRDA:13,0,4,0
BRDA:13,0,5,262
BRDA:26,0,0,262
BRDA:26,0,1,0
BRDA:28,0,0,0
BRDA:28,0,1,262
BRDA:32,0,0,2850
BRDA:32,0,1,262
BRDA:32,0,2,2850
BRDA:32,0,3,0
BRDA:51,0,0,262
BRDA:51,0,1,32
BRDA:69,0,0,34
BRDA:69,0,1,0
BRDA:72,0,0,34
BRDA:72,0,1,0
BRDA:78,0,0,34
BRDA:78,0,1,0
BRDA:82,0,0,2
BRDA:82,0,1,32
BRDA:85,0,0,80
BRDA:85,0,1,30
BRDA:85,0,2,76
BRDA:85,0,3,4
BRDA:86,0,0,264
BRDA:86,0,1,74
BRDA:86,0,2,262
BRDA:86,0,3,2
BRDA:87,0,0,2
BRDA:87,0,1,260
BRDA:114,0,0,4
BRDA:114,0,1,2
BRDA:121,0,0,4
BRDA:121,0,1,0
BRDA:144,0,0,8
BRDA:144,0,1,2
BRDA:146,0,0,8
BRDA:146,0,1,0
BRDA:150,0,0,2
BRDA:150,0,1,8
BRDA:160,0,0,14
BRDA:160,0,1,8
BRDA:160,0,2,14
BRDA:160,0,3,0
BRDA:161,0,0,30
BRDA:161,0,1,14
BRDA:176,0,0,14
BRDA:176,0,1,2
BRDA:178,0,0,14
BRDA:178,0,1,0
BRDA:182,0,0,14
BRDA:182,0,1,2
BRDA:183,0,0,4
BRDA:183,0,1,10
BRDA:186,0,0,6
BRDA:186,0,1,10
BRDA:194,0,0,10
BRDA:194,0,1,0
BRDA:200,0,0,10
BRDA:200,0,1,0
BRDA:200,0,2,4
BRDA:200,0,3,6
BRDA:200,0,4,4
BRDA:200,0,5,0
BRDA:203,0,0,6
BRDA:203,0,1,0
BRDA:210,0,0,10
BRDA:210,0,1,0
BRDA:210,0,2,6
BRDA:210,0,3,4
BRDA:213,0,0,18
BRDA:213,0,1,6
BRDA:213,0,2,18
BRDA:213,0,3,0
BRDA:213,0,4,14
BRDA:213,0,5,4
BRDA:214,0,0,34
BRDA:214,0,1,14
BRDA:218,0,0,10
BRDA:218,0,1,0
BRDA:218,0,2,6
BRDA:218,0,3,4
BRDA:231,0,0,52
BRDA:231,0,1,0
BRDA:233,0,0,52
BRDA:233,0,1,0
BRDA:237,0,0,52
BRDA:237,0,1,0
BRDA:237,0,2,2
BRDA:237,0,3,50
BRDA:240,0,0,2
BRDA:240,0,1,50
BRDA:243,0,0,42
BRDA:243,0,1,8
BRDA:243,0,2,26
BRDA:243,0,3,16
BRDA:245,0,0,16
BRDA:245,0,1,0
BRDA:250,0,0,100
BRDA:250,0,1,50
BRDA:265,0,0,10
BRDA:265,0,1,2
BRDA:267,0,0,10
BRDA:267,0,1,0
BRDA:272,0,0,2
BRDA:272,0,1,10
BRDA:286,0,0,2
BRDA:286,0,1,8
BRDA:290,0,0,8
BRDA:290,0,1,2
BRDA:292,0,0,6
BRDA:292,0,1,2
BRDA:296,0,0,2
BRDA:296,0,1,6
BRDA:296,0,2,2
BRDA:296,0,3,0
BRDA:299,0,0,10
BRDA:299,0,1,8
BRDA:299,0,2,10
BRDA:299,0,3,0
BRDA:300,0,0,18
BRDA:300,0,1,10
BRF:126
BRH:100
DA:10,266
DA:11,266
DA:12,266
DA:13,266
DA:14,4
DA:15,4
DA:18,262
DA:19,262
DA:20,262
DA:22,262
DA:25,262
DA:26,262
DA:27,262
DA:28,262
DA:29,0
DA:32,3112
DA:33,2850
DA:35,262
DA:38,262
DA:45,294
DA:46,294
DA:47,294
DA:48,294
DA:49,294
DA:51,294
DA:53,262
DA:54,262
DA:55,262
DA:56,262
DA:58,294
DA:64,34
DA:65,34
DA:66,34
DA:67,34
DA:68,34
DA:69,34
DA:70,34
DA:71,34
DA:72,34
DA:73,34
DA:74,34
DA:78,34
DA:79,34
DA:82,34
DA:83,2
DA:85,110
DA:86,338
DA:87,262
DA:88,2
DA:93,34
DA:99,8
DA:100,8
DA:105,8
DA:106,8
DA:111,6
DA:112,6
DA:113,6
DA:114,6
DA:115,4
DA:116,4
DA:117,4
DA:118,4
DA:119,4
DA:121,4
DA:122,4
DA:123,4
DA:127,6
DA:132,8
DA:133,8
DA:140,10
DA:141,10
DA:142,10
DA:143,10
DA:144,10
DA:145,8
DA:146,8
DA:147,8
DA:150,10
DA:151,2
DA:154,8
DA:155,8
DA:156,8
DA:158,8
DA:160,22
DA:161,44
DA:162,30
DA:165,8
DA:172,16
DA:173,16
DA:174,16
DA:175,16
DA:176,16
DA:177,14
DA:178,14
DA:179,14
DA:182,16
DA:183,14
DA:184,4
DA:186,16
DA:187,6
DA:190,10
DA:191,10
DA:192,10
DA:194,10
DA:195,10
DA:199,10
DA:200,10
DA:201,4
DA:202,4
DA:203,6
DA:204,6
DA:205,6
DA:206,6
DA:207,6
DA:210,10
DA:211,6
DA:213,24
DA:214,48
DA:215,34
DA:218,10
DA:219,6
DA:221,10
DA:228,52
DA:229,52
DA:230,52
DA:231,52
DA:232,52
DA:233,52
DA:234,52
DA:237,52
DA:238,2
DA:240,52
DA:241,2
DA:243,50
DA:244,34
DA:245,16
DA:246,16
DA:249,50
DA:250,150
DA:251,100
DA:254,50
DA:261,12
DA:262,12
DA:263,12
DA:264,12
DA:265,12
DA:266,10
DA:267,10
DA:268,10
DA:272,12
DA:273,2
DA:275,10
DA:276,10
DA:282,10
DA:284,10
DA:285,10
DA:286,10
DA:287,2
DA:289,10
DA:290,10
DA:291,8
DA:292,8
DA:293,6
DA:295,8
DA:296,8
DA:297,2
DA:299,18
DA:300,28
DA:301,18
DA:305,10
DA:306,10
LF:171
LH:170
end_of_record
TN:
SF:/home/atrnr7/C6_s21_matrix-1/src/src/s21_utils.c
FN:130,140,s21_set_matrix
FN:146,152,s21_copy_matrix
FN:158,178,s21_minor
FN:16,20,s21_is_null_mtrx_ptr
FN:184,209,s21_triangulation
FN:2,11,s21_print_matrix
FN:215,222,s21_col_swap
FN:22,26,s21_is_null_mtrx
FN:32,36,s21_is_correct_mtrx_size
FN:43,53,s21_are_eq_mtrx_sizes
FN:67,121,s21_sum_sub_mulnum_mulmtrx
FNDA:268,s21_set_matrix
FNDA:10,s21_copy_matrix
FNDA:34,s21_minor
FNDA:752,s21_is_null_mtrx_ptr
FNDA:50,s21_triangulation
FNDA:0,s21_print_matrix
FNDA:44,s21_col_swap
FNDA:818,s21_is_null_mtrx
FNDA:490,s21_is_correct_mtrx_size
FNDA:56,s21_are_eq_mtrx_sizes
FNDA:28,s21_sum_sub_mulnum_mulmtrx
FNF:11
FNH:10
BRDA:4,0,0,-
BRDA:4,0,1,-
BRDA:5,0,0,-
BRDA:5,0,1,-
BRDA:17,0,0,32
BRDA:17,0,1,720
BRDA:23,0,0,20
BRDA:23,0,1,798
BRDA:33,0,0,464
BRDA:33,0,1,26
BRDA:33,0,2,0
BRDA:33,0,3,464
BRDA:45,0,0,50
BRDA:45,0,1,6
BRDA:45,0,2,50
BRDA:45,0,3,0
BRDA:46,0,0,6
BRDA:46,0,1,44
BRDA:48,0,0,6
BRDA:48,0,1,44
BRDA:49,0,0,4
BRDA:49,0,1,2
BRDA:50,0,0,0
BRDA:50,0,1,4
BRDA:73,0,0,22
BRDA:73,0,1,6
BRDA:76,0,0,22
BRDA:76,0,1,0
BRDA:81,0,0,6
BRDA:81,0,1,22
BRDA:86,0,0,16
BRDA:86,0,1,6
BRDA:86,0,2,10
BRDA:86,0,3,6
BRDA:86,0,4,4
BRDA:86,0,5,6
BRDA:90,0,0,6
BRDA:90,0,1,0
BRDA:94,0,0,16
BRDA:94,0,1,6
BRDA:100,0,0,52
BRDA:100,0,1,16
BRDA:100,0,2,46
BRDA:100,0,3,6
BRDA:101,0,0,202
BRDA:101,0,1,46
BRDA:102,0,0,24
BRDA:102,0,1,24
BRDA:102,0,2,138
BRDA:102,0,3,16
BRDA:102,0,4,0
BRDA:113,0,0,48
BRDA:113,0,1,16
BRDA:131,0,0,2864
BRDA:131,0,1,268
BRDA:132,0,0,82276
BRDA:132,0,1,2864
BRDA:133,0,0,82242
BRDA:133,0,1,34
BRDA:135,0,0,34
BRDA:135,0,1,0
BRDA:136,0,0,18
BRDA:136,0,1,16
BRDA:147,0,0,20
BRDA:147,0,1,10
BRDA:148,0,0,48
BRDA:148,0,1,20
BRDA:162,0,0,86
BRDA:162,0,1,34
BRDA:163,0,0,226
BRDA:163,0,1,86
BRDA:164,0,0,140
BRDA:164,0,1,86
BRDA:164,0,2,52
BRDA:164,0,3,88
BRDA:171,0,0,34
BRDA:171,0,1,52
BRDA:186,0,0,46
BRDA:186,0,1,48
BRDA:186,0,2,44
BRDA:186,0,3,2
BRDA:188,0,0,122
BRDA:188,0,1,44
BRDA:189,0,0,44
BRDA:189,0,1,78
BRDA:193,0,0,28
BRDA:193,0,1,16
BRDA:197,0,0,2
BRDA:197,0,1,42
BRDA:202,0,0,72
BRDA:202,0,1,42
BRDA:202,0,2,70
BRDA:202,0,3,2
BRDA:204,0,0,264
BRDA:204,0,1,70
BRDA:217,0,0,138
BRDA:217,0,1,44
BRF:97
BRH:86
DA:2,0
DA:4,0
DA:5,0
DA:6,0
DA:8,0
DA:10,0
DA:11,0
DA:16,752
DA:17,752
DA:18,32
DA:20,752
DA:22,818
DA:23,818
DA:24,20
DA:26,818
DA:32,490
DA:33,490
DA:34,26
DA:36,490
DA:43,56
DA:45,56
DA:46,50
DA:47,6
DA:48,50
DA:49,6
DA:50,4
DA:51,2
DA:53,56
DA:67,28
DA:69,28
DA:71,28
DA:72,28
DA:73,28
DA:74,22
DA:75,22
DA:76,22
DA:77,22
DA:78,22
DA:81,28
DA:82,6
DA:84,22
DA:85,22
DA:86,22
DA:87,16
DA:88,16
DA:90,6
DA:91,6
DA:92,6
DA:94,22
DA:97,16
DA:100,68
DA:101,248
DA:102,202
DA:103,24
DA:104,24
DA:105,24
DA:106,24
DA:107,24
DA:108,24
DA:109,138
DA:110,138
DA:111,138
DA:112,16
DA:113,64
DA:114,48
DA:116,16
DA:120,22
DA:130,268
DA:131,3132
DA:132,85140
DA:133,82276
DA:134,82242
DA:135,34
DA:136,34
DA:140,268
DA:146,10
DA:147,30
DA:148,68
DA:149,48
DA:152,10
DA:158,34
DA:159,34
DA:160,34
DA:162,120
DA:163,312
DA:164,226
DA:165,138
DA:167,88
DA:168,88
DA:170,86
DA:171,86
DA:172,34
DA:174,52
DA:177,34
DA:178,34
DA:184,50
DA:185,50
DA:186,94
DA:187,44
DA:188,166
DA:189,122
DA:190,44
DA:193,44
DA:194,28
DA:196,44
DA:197,44
DA:198,2
DA:199,2
DA:202,114
DA:203,70
DA:204,334
DA:205,264
DA:209,50
DA:215,44
DA:216,44
DA:217,182
DA:218,138
DA:219,138
DA:220,138
DA:222,44
LF:120
LH:113
end_of_record
TN:
SF:/home/atrnr7/C6_s21_matrix-1/src/test/tests.c
FN:105,125,sum_3_fn
FN:128,133,sum_4_fn
FN:136,156,sub_1_fn
FN:159,169,sub_2_fn
FN:172,192,sub_3_fn
FN:195,199,sub_4_fn
FN:202,218,mul_num_1_fn
FN:22,28,create_1_fn
FN:221,228,mul_num_2_fn
FN:231,247,mul_num_3_fn
FN:250,270,mul_mat_1_fn
FN:273,283,mul_mat_2_fn
FN:286,309,mul_mat_3_fn
FN:31,39,compare_1_fn
FN:312,316,mul_mat_4_fn
FN:319,335,transpose_1_fn
FN:338,342,transpose_2_fn
FN:345,374,complements_1_fn
FN:377,390,complements_2_fn
FN:393,397,complements_3_fn
FN:400,407,complements_4_fn
FN:410,423,det_1_fn
FN:42,50,compare_2_fn
FN:426,441,det_2_fn
FN:444,457,det_3_fn
FN:460,473,det_4_fn
FN:476,483,inv_1_fn
FN:486,498,inv_2_fn
FN:5,19,create_fn
FN:501,521,inv_3_fn
FN:524,544,inv_4_fn
FN:53,66,compare_3_fn
FN:547,560,inv_5_fn
FN:563,567,inv_6_fn
FN:570,653,test_suite
FN:655,665,main
FN:69,89,sum_1_fn
FN:92,102,sum_2_fn
FNDA:2,sum_3_fn
FNDA:2,sum_4_fn
FNDA:2,sub_1_fn
FNDA:2,sub_2_fn
FNDA:2,sub_3_fn
FNDA:2,sub_4_fn
FNDA:2,mul_num_1_fn
FNDA:2,create_1_fn
FNDA:2,mul_num_2_fn
FNDA:2,mul_num_3_fn
FNDA:2,mul_mat_1_fn
FNDA:2,mul_mat_2_fn
FNDA:2,mul_mat_3_fn
FNDA:2,compare_1_fn
FNDA:2,mul_mat_4_fn
FNDA:2,transpose_1_fn
FNDA:2,transpose_2_fn
FNDA:2,complements_1_fn
FNDA:2,complements_2_fn
FNDA:2,complements_3_fn
FNDA:2,complements_4_fn
FNDA:2,det_1_fn
FNDA:2,compare_2_fn
FNDA:2,det_2_fn
FNDA:2,det_3_fn
FNDA:2,det_4_fn
FNDA:2,inv_1_fn
FNDA:2,inv_2_fn
FNDA:2,create_fn
FNDA:2,inv_3_fn
FNDA:2,inv_4_fn
FNDA:2,compare_3_fn
FNDA:2,inv_5_fn
FNDA:2,inv_6_fn
FNDA:74,test_suite
FNDA:74,main
FNDA:2,sum_1_fn
FNDA:2,sum_2_fn
FNF:38
FNH:38
BRDA:7,0,0,98
BRDA:7,0,1,2
BRDA:9,0,0,98
BRDA:9,0,1,0
BRDA:11,0,0,98
BRDA:11,0,1,0
BRDA:12,0,0,98
BRDA:12,0,1,0
BRDA:13,0,0,2450
BRDA:13,0,1,98
BRDA:14,0,0,80850
BRDA:14,0,1,2450
BRDA:15,0,0,80850
BRDA:15,0,1,0
BRDA:24,0,0,4
BRDA:24,0,1,2
BRDA:25,0,0,4
BRDA:25,0,1,0
BRDA:36,0,0,2
BRDA:36,0,1,0
BRDA:47,0,0,2
BRDA:47,0,1,0
BRDA:58,0,0,4
BRDA:58,0,1,2
BRDA:59,0,0,12
BRDA:59,0,1,4
BRDA:63,0,0,2
BRDA:63,0,1,0
BRDA:77,0,0,4
BRDA:77,0,1,2
BRDA:78,0,0,12
BRDA:78,0,1,4
BRDA:83,0,0,2
BRDA:83,0,1,0
BRDA:84,0,0,2
BRDA:84,0,1,0
BRDA:98,0,0,2
BRDA:98,0,1,0
BRDA:113,0,0,4
BRDA:113,0,1,2
BRDA:114,0,0,12
BRDA:114,0,1,4
BRDA:119,0,0,2
BRDA:119,0,1,0
BRDA:120,0,0,2
BRDA:120,0,1,0
BRDA:131,0,0,2
BRDA:131,0,1,0
BRDA:144,0,0,4
BRDA:144,0,1,2
BRDA:145,0,0,12
BRDA:145,0,1,4
BRDA:150,0,0,2
BRDA:150,0,1,0
BRDA:151,0,0,2
BRDA:151,0,1,0
BRDA:165,0,0,2
BRDA:165,0,1,0
BRDA:180,0,0,4
BRDA:180,0,1,2
BRDA:181,0,0,12
BRDA:181,0,1,4
BRDA:186,0,0,2
BRDA:186,0,1,0
BRDA:187,0,0,2
BRDA:187,0,1,0
BRDA:197,0,0,2
BRDA:197,0,1,0
BRDA:208,0,0,4
BRDA:208,0,1,2
BRDA:209,0,0,12
BRDA:209,0,1,4
BRDA:213,0,0,2
BRDA:213,0,1,0
BRDA:214,0,0,2
BRDA:214,0,1,0
BRDA:225,0,0,2
BRDA:225,0,1,0
BRDA:237,0,0,4
BRDA:237,0,1,2
BRDA:238,0,0,12
BRDA:238,0,1,4
BRDA:242,0,0,2
BRDA:242,0,1,0
BRDA:243,0,0,2
BRDA:243,0,1,0
BRDA:258,0,0,4
BRDA:258,0,1,2
BRDA:259,0,0,12
BRDA:259,0,1,4
BRDA:262,0,0,8
BRDA:262,0,1,4
BRDA:264,0,0,2
BRDA:264,0,1,0
BRDA:265,0,0,2
BRDA:265,0,1,0
BRDA:279,0,0,2
BRDA:279,0,1,0
BRDA:294,0,0,4
BRDA:294,0,1,2
BRDA:295,0,0,12
BRDA:295,0,1,4
BRDA:303,0,0,2
BRDA:303,0,1,0
BRDA:304,0,0,2
BRDA:304,0,1,0
BRDA:314,0,0,2
BRDA:314,0,1,0
BRDA:325,0,0,4
BRDA:325,0,1,2
BRDA:326,0,0,12
BRDA:326,0,1,4
BRDA:330,0,0,2
BRDA:330,0,1,0
BRDA:331,0,0,2
BRDA:331,0,1,0
BRDA:340,0,0,2
BRDA:340,0,1,0
BRDA:369,0,0,2
BRDA:369,0,1,0
BRDA:370,0,0,2
BRDA:370,0,1,0
BRDA:385,0,0,2
BRDA:385,0,1,0
BRDA:386,0,0,2
BRDA:386,0,1,0
BRDA:395,0,0,2
BRDA:395,0,1,0
BRDA:404,0,0,2
BRDA:404,0,1,0
BRDA:415,0,0,6
BRDA:415,0,1,2
BRDA:416,0,0,18
BRDA:416,0,1,6
BRDA:420,0,0,2
BRDA:420,0,1,0
BRDA:421,0,0,2
BRDA:421,0,1,0
BRDA:430,0,0,8
BRDA:430,0,1,2
BRDA:431,0,0,32
BRDA:431,0,1,8
BRDA:438,0,0,2
BRDA:438,0,1,0
BRDA:439,0,0,2
BRDA:439,0,1,0
BRDA:449,0,0,14
BRDA:449,0,1,2
BRDA:450,0,0,98
BRDA:450,0,1,14
BRDA:454,0,0,2
BRDA:454,0,1,0
BRDA:455,0,0,2
BRDA:455,0,1,0
BRDA:465,0,0,4
BRDA:465,0,1,2
BRDA:466,0,0,8
BRDA:466,0,1,4
BRDA:470,0,0,2
BRDA:470,0,1,0
BRDA:471,0,0,2
BRDA:471,0,1,0
BRDA:480,0,0,2
BRDA:480,0,1,0
BRDA:491,0,0,6
BRDA:491,0,1,2
BRDA:492,0,0,18
BRDA:492,0,1,6
BRDA:495,0,0,2
BRDA:495,0,1,0
BRDA:508,0,0,4
BRDA:508,0,1,2
BRDA:509,0,0,8
BRDA:509,0,1,4
BRDA:516,0,0,2
BRDA:516,0,1,0
BRDA:517,0,0,2
BRDA:517,0,1,0
BRDA:531,0,0,4
BRDA:531,0,1,2
BRDA:532,0,0,8
BRDA:532,0,1,4
BRDA:539,0,0,2
BRDA:539,0,1,0
BRDA:540,0,0,2
BRDA:540,0,1,0
BRDA:555,0,0,2
BRDA:555,0,1,0
BRDA:556,0,0,2
BRDA:556,0,1,0
BRDA:565,0,0,2
BRDA:565,0,1,0
BRF:192
BRH:135
DA:5,2
DA:6,2
DA:7,100
DA:8,98
DA:9,98
DA:11,98
DA:12,98
DA:13,2548
DA:14,83300
DA:15,80850
DA:17,98
DA:19,2
DA:22,2
DA:23,2
DA:24,6
DA:25,4
DA:26,4
DA:28,2
DA:31,2
DA:32,2
DA:33,2
DA:34,2
DA:35,2
DA:36,2
DA:37,2
DA:38,2
DA:39,2
DA:42,2
DA:43,2
DA:44,2
DA:45,2
DA:46,2
DA:47,2
DA:48,2
DA:49,2
DA:50,2
DA:53,2
DA:54,2
DA:55,2
DA:56,2
DA:57,2
DA:58,6
DA:59,16
DA:60,12
DA:61,12
DA:63,2
DA:64,2
DA:65,2
DA:66,2
DA:69,2
DA:70,2
DA:71,2
DA:72,2
DA:73,2
DA:74,2
DA:75,2
DA:76,2
DA:77,6
DA:78,16
DA:79,12
DA:80,12
DA:81,12
DA:83,2
DA:84,2
DA:85,2
DA:86,2
DA:87,2
DA:88,2
DA:89,2
DA:92,2
DA:93,2
DA:94,2
DA:95,2
DA:96,2
DA:97,2
DA:98,2
DA:99,2
DA:100,2
DA:101,2
DA:102,2
DA:105,2
DA:106,2
DA:107,2
DA:108,2
DA:109,2
DA:110,2
DA:111,2
DA:112,2
DA:113,6
DA:114,16
DA:115,12
DA:116,12
DA:117,12
DA:119,2
DA:120,2
DA:121,2
DA:122,2
DA:123,2
DA:124,2
DA:125,2
DA:128,2
DA:129,2
DA:130,2
DA:131,2
DA:132,2
DA:133,2
DA:136,2
DA:137,2
DA:138,2
DA:139,2
DA:140,2
DA:141,2
DA:142,2
DA:143,2
DA:144,6
DA:145,16
DA:146,12
DA:147,12
DA:148,12
DA:150,2
DA:151,2
DA:152,2
DA:153,2
DA:154,2
DA:155,2
DA:156,2
DA:159,2
DA:160,2
DA:161,2
DA:162,2
DA:163,2
DA:164,2
DA:165,2
DA:166,2
DA:167,2
DA:168,2
DA:169,2
DA:172,2
DA:173,2
DA:174,2
DA:175,2
DA:176,2
DA:177,2
DA:178,2
DA:179,2
DA:180,6
DA:181,16
DA:182,12
DA:183,12
DA:184,12
DA:186,2
DA:187,2
DA:188,2
DA:189,2
DA:190,2
DA:191,2
DA:192,2
DA:195,2
DA:196,2
DA:197,2
DA:198,2
DA:199,2
DA:202,2
DA:203,2
DA:204,2
DA:205,2
DA:206,2
DA:207,2
DA:208,6
DA:209,16
DA:210,12
DA:211,12
DA:213,2
DA:214,2
DA:215,2
DA:216,2
DA:217,2
DA:218,2
DA:221,2
DA:222,2
DA:223,2
DA:224,2
DA:225,2
DA:226,2
DA:227,2
DA:228,2
DA:231,2
DA:232,2
DA:233,2
DA:234,2
DA:235,2
DA:236,2
DA:237,6
DA:238,16
DA:239,12
DA:240,12
DA:242,2
DA:243,2
DA:244,2
DA:245,2
DA:246,2
DA:247,2
DA:250,2
DA:251,2
DA:252,2
DA:253,2
DA:254,2
DA:255,2
DA:256,2
DA:257,2
DA:258,6
DA:259,16
DA:260,12
DA:261,12
DA:262,12
DA:264,2
DA:265,2
DA:266,2
DA:267,2
DA:268,2
DA:269,2
DA:270,2
DA:273,2
DA:274,2
DA:275,2
DA:276,2
DA:277,2
DA:278,2
DA:279,2
DA:280,2
DA:281,2
DA:282,2
DA:283,2
DA:286,2
DA:287,2
DA:288,2
DA:289,2
DA:290,2
DA:291,2
DA:292,2
DA:293,2
DA:294,6
DA:295,16
DA:296,12
DA:297,12
DA:299,2
DA:300,2
DA:301,2
DA:302,2
DA:303,2
DA:304,2
DA:305,2
DA:306,2
DA:307,2
DA:308,2
DA:309,2
DA:312,2
DA:313,2
DA:314,2
DA:315,2
DA:316,2
DA:319,2
DA:320,2
DA:321,2
DA:322,2
DA:323,2
DA:324,2
DA:325,6
DA:326,16
DA:327,12
DA:328,12
DA:330,2
DA:331,2
DA:332,2
DA:333,2
DA:334,2
DA:335,2
DA:338,2
DA:339,2
DA:340,2
DA:341,2
DA:342,2
DA:345,2
DA:346,2
DA:347,2
DA:348,2
DA:349,2
DA:350,2
DA:351,2
DA:352,2
DA:353,2
DA:354,2
DA:355,2
DA:356,2
DA:357,2
DA:358,2
DA:359,2
DA:360,2
DA:361,2
DA:362,2
DA:363,2
DA:364,2
DA:365,2
DA:366,2
DA:367,2
DA:368,2
DA:369,2
DA:370,2
DA:371,2
DA:372,2
DA:373,2
DA:374,2
DA:377,2
DA:378,2
DA:379,2
DA:380,2
DA:381,2
DA:382,2
DA:383,2
DA:384,2
DA:385,2
DA:386,2
DA:387,2
DA:388,2
DA:389,2
DA:390,2
DA:393,2
DA:394,2
DA:395,2
DA:396,2
DA:397,2
DA:400,2
DA:401,2
DA:402,2
DA:403,2
DA:404,2
DA:405,2
DA:406,2
DA:407,2
DA:410,2
DA:411,2
DA:412,2
DA:413,2
DA:414,2
DA:415,8
DA:416,24
DA:417,18
DA:420,2
DA:421,2
DA:422,2
DA:423,2
DA:426,2
DA:427,2
DA:428,2
DA:429,2
DA:430,10
DA:431,40
DA:432,32
DA:435,2
DA:436,2
DA:437,2
DA:438,2
DA:439,2
DA:440,2
DA:441,2
DA:444,2
DA:445,2
DA:446,2
DA:447,2
DA:448,2
DA:449,16
DA:450,112
DA:451,98
DA:454,2
DA:455,2
DA:456,2
DA:457,2
DA:460,2
DA:461,2
DA:462,2
DA:463,2
DA:464,2
DA:465,6
DA:466,12
DA:467,8
DA:470,2
DA:471,2
DA:472,2
DA:473,2
DA:476,2
DA:477,2
DA:478,2
DA:479,2
DA:480,2
DA:481,2
DA:482,2
DA:483,2
DA:486,2
DA:487,2
DA:488,2
DA:489,2
DA:490,2
DA:491,8
DA:492,24
DA:493,18
DA:495,2
DA:496,2
DA:497,2
DA:498,2
DA:501,2
DA:502,2
DA:503,2
DA:504,2
DA:505,2
DA:506,2
DA:507,2
DA:508,6
DA:509,12
DA:510,8
DA:512,2
DA:513,2
DA:514,2
DA:515,2
DA:516,2
DA:517,2
DA:518,2
DA:519,2
DA:520,2
DA:521,2
DA:524,2
DA:525,2
DA:526,2
DA:527,2
DA:528,2
DA:529,2
DA:530,2
DA:531,6
DA:532,12
DA:533,8
DA:535,2
DA:536,2
DA:537,2
DA:538,2
DA:539,2
DA:540,2
DA:541,2
DA:542,2
DA:543,2
DA:544,2
DA:547,2
DA:548,2
DA:549,2
DA:550,2
DA:551,2
DA:552,2
DA:553,2
DA:554,2
DA:555,2
DA:556,2
DA:557,2
DA:558,2
DA:559,2
DA:560,2
DA:563,2
DA:564,2
DA:565,2
DA:566,2
DA:567,2
DA:570,74
DA:584,74
DA:586,74
DA:587,74
DA:588,74
DA:589,74
DA:591,74
DA:592,74
DA:593,74
DA:594,74
DA:595,74
DA:597,74
DA:598,74
DA:599,74
DA:600,74
DA:601,74
DA:602,74
DA:604,74
DA:605,74
DA:606,74
DA:607,74
DA:608,74
DA:609,74
DA:611,74
DA:612,74
DA:613,74
DA:614,74
DA:615,74
DA:617,74
DA:618,74
DA:619,74
DA:620,74
DA:621,74
DA:622,74
DA:624,74
DA:625,74
DA:626,74
DA:627,74
DA:629,74
DA:630,74
DA:631,74
DA:632,74
DA:633,74
DA:634,74
DA:636,74
DA:637,74
DA:638,74
DA:639,74
DA:640,74
DA:641,74
DA:643,74
DA:644,74
DA:645,74
DA:646,74
DA:647,74
DA:648,74
DA:649,74
DA:650,74
DA:652,74
DA:655,74
DA:656,74
DA:659,74
DA:660,74
DA:661,74
DA:662,2
DA:663,2
DA:664,2
LF:535
LH:535
end_of_record
